activating the configuration...
setting up /etc...
reloading user units for ilian...
restarting sysinit-reactivation.target
restarting the following units: home-manager-ilian.service
ix/store/ymwjck7bkqx9z7mn715ha306pdfb9cl1-home-manager-path.drv
  /nix/store/lr7b63x6mxrc0ql8lvx24aqhiry2719c-activation-script.drv
  /nix/store/0gx21axsakmiw6j9a6r0xms83dycvayh-home-manager-generation.drv
  /nix/store/a7fjm18gx94n7bw4ra72pp12im186cyd-unit-home-manager-ilian.service.drv
  /nix/store/kv7qbxdn7pvy5lyb52l5c8y6k8aqf21v-system-units.drv
  /nix/store/vdsi1m6q15d3zqyy8jqsbzsw1mgcyylg-etc.drv
  /nix/store/1a7z5kc5fmhvny5gsc0nm90cpwyp88wx-nixos-system-legionOfNix-24.05.20240229.1536926.drv
these 6 paths will be fetched (0.74 MiB download, 5.71 MiB unpacked):
  /nix/store/j60c7q72359xacgy30gy19cckpys4v8y-python3.11-colorama-0.4.6
  /nix/store/8dgkjwd5ixi5p8ijjvi2a8vqj0hnrkk0-python3.11-decorator-5.1.1
  /nix/store/s1av5bl3nqw66df9rs7j912q63kipj7z-python3.11-psutil-5.9.8
  /nix/store/ji8zq6akfdnzaw4kbhd5mf1fclwjl3wc-python3.11-pyte-0.8.1
  /nix/store/w6si5idkzyfp9i388mj0f4lwl98bz72h-python3.11-wcwidth-0.2.13
  /nix/store/lnyk4pjny9l2gx4pglmbgyfnw2xn1mhx-thefuck-3.32
copying path '/nix/store/j60c7q72359xacgy30gy19cckpys4v8y-python3.11-colorama-0.4.6' from 'https://cache.nixos.org'...
copying path '/nix/store/s1av5bl3nqw66df9rs7j912q63kipj7z-python3.11-psutil-5.9.8' from 'https://cache.nixos.org'...
copying path '/nix/store/w6si5idkzyfp9i388mj0f4lwl98bz72h-python3.11-wcwidth-0.2.13' from 'https://cache.nixos.org'...
copying path '/nix/store/8dgkjwd5ixi5p8ijjvi2a8vqj0hnrkk0-python3.11-decorator-5.1.1' from 'https://cache.nixos.org'...
copying path '/nix/store/ji8zq6akfdnzaw4kbhd5mf1fclwjl3wc-python3.11-pyte-0.8.1' from 'https://cache.nixos.org'...
copying path '/nix/store/lnyk4pjny9l2gx4pglmbgyfnw2xn1mhx-thefuck-3.32' from 'https://cache.nixos.org'...
building '/nix/store/ymwjck7bkqx9z7mn715ha306pdfb9cl1-home-manager-path.drv'...
building '/nix/store/lr7b63x6mxrc0ql8lvx24aqhiry2719c-activation-script.drv'...
building '/nix/store/0gx21axsakmiw6j9a6r0xms83dycvayh-home-manager-generation.drv'...
building '/nix/store/a7fjm18gx94n7bw4ra72pp12im186cyd-unit-home-manager-ilian.service.drv'...
building '/nix/store/kv7qbxdn7pvy5lyb52l5c8y6k8aqf21v-system-units.drv'...
building '/nix/store/vdsi1m6q15d3zqyy8jqsbzsw1mgcyylg-etc.drv'...
building '/nix/store/1a7z5kc5fmhvny5gsc0nm90cpwyp88wx-nixos-system-legionOfNix-24.05.20240229.1536926.drv'...
